<project xmlns="http://maven.apache.org/POM/4.0.0"
         xmlns:xsi="http://www.w3.org/2001/XMLSchema-instance"
         xsi:schemaLocation="http://maven.apache.org/POM/4.0.0 https://maven.apache.org/xsd/maven-4.0.0.xsd">
  <modelVersion>4.0.0</modelVersion>

  <groupId>vavi</groupId>
  <artifactId>sample</artifactId>
  <version>0.0.1-SNAPSHOT</version>

  <properties>
    <javaVersion>17</javaVersion>
  </properties>

  <build>
    <plugins>
      <plugin>
        <groupId>vavi</groupId>
        <artifactId>careless-maven-plugin</artifactId>
        <version>0.0.1-SNAPSHOT</version>
        <configuration>
          <targets>
            <target>
              <path>.github/workflows/codeql.yml</path>
              <ri>jobs.analyze.steps[2].name</ri>
              <value>Set up JDK ${javaVersion}</value>
            </target>
            <target>
              <path>.github/workflows/codeql.yml</path>
              <ri>jobs.analyze.steps[2].with.java-version</ri>
              <value>${javaVersion}</value>
            </target>
            <target>
              <path>.github/workflows/maven.yml</path>
              <ri>jobs.build.steps[2].name</ri>
              <value>Set up JDK ${javaVersion}</value>
            </target>
            <target>
              <path>.github/workflows/maven.yml</path>
              <ri>jobs.build.steps[2].with.java-version</ri>
              <value>${javaVersion}</value>
            </target>
            <target>
              <path>pom.xml</path>
              <ri>//*[local-name()='artifactId' and text()='maven-compiler-plugin']/..//*[local-name()='release' or local-name()='source']/text()</ri>
              <value>${javaVersion}</value>
            </target>
            <target>
              <path>jitpack.yml</path>
              <ri>jdk[0]</ri>
              <value>openjdk${javaVersion}</value>
            </target>
            <target>
              <path>README.md</path>
              <ri>img\.shields\.io\/badge\/Java-(\d+?)-b07219</ri>
              <value>${javaVersion}</value>
            </target>
            <target>
              <path>pom.xml</path>
              <ri>//*[local-name()='project']/*[local-name()='version']/text()</ri>
              <value>.*-SNAPSHOT</value>
              <negative>true</negative>
            </target>
          </targets>
        </configuration>
        <executions>
          <execution>
            <goals>
              <goal>careless</goal>
            </goals>
            <phase>validate</phase>
          </execution>
        </executions>
      </plugin>
    </plugins>
  </build>
</project>
